<?xml version="1.0" encoding="UTF-8"?>
<testsuite xmlns:xsi="http://www.w3.org/2001/XMLSchema-instance" xsi:noNamespaceSchemaLocation="https://maven.apache.org/surefire/maven-surefire-plugin/xsd/surefire-test-report.xsd" name="ml.AppTest" time="0.032" tests="1" errors="0" skipped="0" failures="0">
  <properties>
    <property name="awt.toolkit" value="sun.lwawt.macosx.LWCToolkit"/>
    <property name="java.specification.version" value="12"/>
    <property name="sun.jnu.encoding" value="UTF-8"/>
    <property name="java.class.path" value="/Users/bigdata/Desktop/repo/machine-learning-in-Java/target/test-classes:/Users/bigdata/Desktop/repo/machine-learning-in-Java/target/classes:/Users/bigdata/local/mvn/apache-maven-3.6.2/repo/junit/junit/4.11/junit-4.11.jar:/Users/bigdata/local/mvn/apache-maven-3.6.2/repo/org/hamcrest/hamcrest-core/1.3/hamcrest-core-1.3.jar:/Users/bigdata/local/mvn/apache-maven-3.6.2/repo/org/nd4j/nd4j-native/1.0.0-beta4/nd4j-native-1.0.0-beta4.jar:/Users/bigdata/local/mvn/apache-maven-3.6.2/repo/org/nd4j/nd4j-native/1.0.0-beta4/nd4j-native-1.0.0-beta4-macosx-x86_64.jar:/Users/bigdata/local/mvn/apache-maven-3.6.2/repo/org/bytedeco/javacpp/1.5/javacpp-1.5.jar:/Users/bigdata/local/mvn/apache-maven-3.6.2/repo/org/bytedeco/openblas/0.3.5-1.5/openblas-0.3.5-1.5.jar:/Users/bigdata/local/mvn/apache-maven-3.6.2/repo/org/bytedeco/openblas/0.3.5-1.5/openblas-0.3.5-1.5-macosx-x86_64.jar:/Users/bigdata/local/mvn/apache-maven-3.6.2/repo/org/bytedeco/mkl/2019.3-1.5/mkl-2019.3-1.5.jar:/Users/bigdata/local/mvn/apache-maven-3.6.2/repo/org/bytedeco/mkl/2019.3-1.5/mkl-2019.3-1.5-macosx-x86_64.jar:/Users/bigdata/local/mvn/apache-maven-3.6.2/repo/org/bytedeco/mkl-dnn/0.18.1-1.5/mkl-dnn-0.18.1-1.5.jar:/Users/bigdata/local/mvn/apache-maven-3.6.2/repo/org/bytedeco/mkl-dnn/0.18.1-1.5/mkl-dnn-0.18.1-1.5-macosx-x86_64.jar:/Users/bigdata/local/mvn/apache-maven-3.6.2/repo/org/nd4j/nd4j-native-api/1.0.0-beta4/nd4j-native-api-1.0.0-beta4.jar:/Users/bigdata/local/mvn/apache-maven-3.6.2/repo/org/nd4j/nd4j-buffer/1.0.0-beta4/nd4j-buffer-1.0.0-beta4.jar:/Users/bigdata/local/mvn/apache-maven-3.6.2/repo/org/nd4j/nd4j-api/1.0.0-beta4/nd4j-api-1.0.0-beta4.jar:/Users/bigdata/local/mvn/apache-maven-3.6.2/repo/com/jakewharton/byteunits/byteunits/0.9.1/byteunits-0.9.1.jar:/Users/bigdata/local/mvn/apache-maven-3.6.2/repo/org/apache/commons/commons-math3/3.5/commons-math3-3.5.jar:/Users/bigdata/local/mvn/apache-maven-3.6.2/repo/com/google/flatbuffers/flatbuffers-java/1.10.0/flatbuffers-java-1.10.0.jar:/Users/bigdata/local/mvn/apache-maven-3.6.2/repo/com/github/os72/protobuf-java-shaded-351/0.9/protobuf-java-shaded-351-0.9.jar:/Users/bigdata/local/mvn/apache-maven-3.6.2/repo/com/github/os72/protobuf-java-util-shaded-351/0.9/protobuf-java-util-shaded-351-0.9.jar:/Users/bigdata/local/mvn/apache-maven-3.6.2/repo/com/google/guava/guava/19.0/guava-19.0.jar:/Users/bigdata/local/mvn/apache-maven-3.6.2/repo/com/google/code/gson/gson/2.7/gson-2.7.jar:/Users/bigdata/local/mvn/apache-maven-3.6.2/repo/org/objenesis/objenesis/2.6/objenesis-2.6.jar:/Users/bigdata/local/mvn/apache-maven-3.6.2/repo/uk/com/robust-it/cloning/1.9.3/cloning-1.9.3.jar:/Users/bigdata/local/mvn/apache-maven-3.6.2/repo/org/slf4j/slf4j-api/1.7.21/slf4j-api-1.7.21.jar:/Users/bigdata/local/mvn/apache-maven-3.6.2/repo/org/nd4j/jackson/1.0.0-beta4/jackson-1.0.0-beta4.jar:/Users/bigdata/local/mvn/apache-maven-3.6.2/repo/org/yaml/snakeyaml/1.12/snakeyaml-1.12.jar:/Users/bigdata/local/mvn/apache-maven-3.6.2/repo/org/codehaus/woodstox/stax2-api/3.1.4/stax2-api-3.1.4.jar:/Users/bigdata/local/mvn/apache-maven-3.6.2/repo/joda-time/joda-time/2.2/joda-time-2.2.jar:/Users/bigdata/local/mvn/apache-maven-3.6.2/repo/commons-net/commons-net/3.1/commons-net-3.1.jar:/Users/bigdata/local/mvn/apache-maven-3.6.2/repo/org/nd4j/nd4j-context/1.0.0-beta4/nd4j-context-1.0.0-beta4.jar:/Users/bigdata/local/mvn/apache-maven-3.6.2/repo/org/nd4j/nd4j-common/1.0.0-beta4/nd4j-common-1.0.0-beta4.jar:/Users/bigdata/local/mvn/apache-maven-3.6.2/repo/commons-io/commons-io/2.5/commons-io-2.5.jar:/Users/bigdata/local/mvn/apache-maven-3.6.2/repo/org/apache/commons/commons-lang3/3.6/commons-lang3-3.6.jar:/Users/bigdata/local/mvn/apache-maven-3.6.2/repo/org/apache/commons/commons-compress/1.16.1/commons-compress-1.16.1.jar:/Users/bigdata/local/mvn/apache-maven-3.6.2/repo/commons-codec/commons-codec/1.10/commons-codec-1.10.jar:/Users/bigdata/local/mvn/apache-maven-3.6.2/repo/net/ericaro/neoitertools/1.0.0/neoitertools-1.0.0.jar:"/>
    <property name="java.vm.vendor" value="Oracle Corporation"/>
    <property name="sun.arch.data.model" value="64"/>
    <property name="java.vendor.url" value="https://java.oracle.com/"/>
    <property name="os.name" value="Mac OS X"/>
    <property name="java.vm.specification.version" value="12"/>
    <property name="sun.java.launcher" value="SUN_STANDARD"/>
    <property name="user.country" value="CN"/>
    <property name="sun.boot.library.path" value="/Library/Java/JavaVirtualMachines/jdk-12.0.1.jdk/Contents/Home/lib"/>
    <property name="sun.java.command" value="/Users/bigdata/Desktop/repo/machine-learning-in-Java/target/surefire/surefirebooter1439126780062269371.jar /Users/bigdata/Desktop/repo/machine-learning-in-Java/target/surefire 2019-10-17T20-49-54_616-jvmRun1 surefire7223250356759138495tmp surefire_06108880081188600478tmp"/>
    <property name="jdk.debug" value="release"/>
    <property name="surefire.test.class.path" value="/Users/bigdata/Desktop/repo/machine-learning-in-Java/target/test-classes:/Users/bigdata/Desktop/repo/machine-learning-in-Java/target/classes:/Users/bigdata/local/mvn/apache-maven-3.6.2/repo/junit/junit/4.11/junit-4.11.jar:/Users/bigdata/local/mvn/apache-maven-3.6.2/repo/org/hamcrest/hamcrest-core/1.3/hamcrest-core-1.3.jar:/Users/bigdata/local/mvn/apache-maven-3.6.2/repo/org/nd4j/nd4j-native/1.0.0-beta4/nd4j-native-1.0.0-beta4.jar:/Users/bigdata/local/mvn/apache-maven-3.6.2/repo/org/nd4j/nd4j-native/1.0.0-beta4/nd4j-native-1.0.0-beta4-macosx-x86_64.jar:/Users/bigdata/local/mvn/apache-maven-3.6.2/repo/org/bytedeco/javacpp/1.5/javacpp-1.5.jar:/Users/bigdata/local/mvn/apache-maven-3.6.2/repo/org/bytedeco/openblas/0.3.5-1.5/openblas-0.3.5-1.5.jar:/Users/bigdata/local/mvn/apache-maven-3.6.2/repo/org/bytedeco/openblas/0.3.5-1.5/openblas-0.3.5-1.5-macosx-x86_64.jar:/Users/bigdata/local/mvn/apache-maven-3.6.2/repo/org/bytedeco/mkl/2019.3-1.5/mkl-2019.3-1.5.jar:/Users/bigdata/local/mvn/apache-maven-3.6.2/repo/org/bytedeco/mkl/2019.3-1.5/mkl-2019.3-1.5-macosx-x86_64.jar:/Users/bigdata/local/mvn/apache-maven-3.6.2/repo/org/bytedeco/mkl-dnn/0.18.1-1.5/mkl-dnn-0.18.1-1.5.jar:/Users/bigdata/local/mvn/apache-maven-3.6.2/repo/org/bytedeco/mkl-dnn/0.18.1-1.5/mkl-dnn-0.18.1-1.5-macosx-x86_64.jar:/Users/bigdata/local/mvn/apache-maven-3.6.2/repo/org/nd4j/nd4j-native-api/1.0.0-beta4/nd4j-native-api-1.0.0-beta4.jar:/Users/bigdata/local/mvn/apache-maven-3.6.2/repo/org/nd4j/nd4j-buffer/1.0.0-beta4/nd4j-buffer-1.0.0-beta4.jar:/Users/bigdata/local/mvn/apache-maven-3.6.2/repo/org/nd4j/nd4j-api/1.0.0-beta4/nd4j-api-1.0.0-beta4.jar:/Users/bigdata/local/mvn/apache-maven-3.6.2/repo/com/jakewharton/byteunits/byteunits/0.9.1/byteunits-0.9.1.jar:/Users/bigdata/local/mvn/apache-maven-3.6.2/repo/org/apache/commons/commons-math3/3.5/commons-math3-3.5.jar:/Users/bigdata/local/mvn/apache-maven-3.6.2/repo/com/google/flatbuffers/flatbuffers-java/1.10.0/flatbuffers-java-1.10.0.jar:/Users/bigdata/local/mvn/apache-maven-3.6.2/repo/com/github/os72/protobuf-java-shaded-351/0.9/protobuf-java-shaded-351-0.9.jar:/Users/bigdata/local/mvn/apache-maven-3.6.2/repo/com/github/os72/protobuf-java-util-shaded-351/0.9/protobuf-java-util-shaded-351-0.9.jar:/Users/bigdata/local/mvn/apache-maven-3.6.2/repo/com/google/guava/guava/19.0/guava-19.0.jar:/Users/bigdata/local/mvn/apache-maven-3.6.2/repo/com/google/code/gson/gson/2.7/gson-2.7.jar:/Users/bigdata/local/mvn/apache-maven-3.6.2/repo/org/objenesis/objenesis/2.6/objenesis-2.6.jar:/Users/bigdata/local/mvn/apache-maven-3.6.2/repo/uk/com/robust-it/cloning/1.9.3/cloning-1.9.3.jar:/Users/bigdata/local/mvn/apache-maven-3.6.2/repo/org/slf4j/slf4j-api/1.7.21/slf4j-api-1.7.21.jar:/Users/bigdata/local/mvn/apache-maven-3.6.2/repo/org/nd4j/jackson/1.0.0-beta4/jackson-1.0.0-beta4.jar:/Users/bigdata/local/mvn/apache-maven-3.6.2/repo/org/yaml/snakeyaml/1.12/snakeyaml-1.12.jar:/Users/bigdata/local/mvn/apache-maven-3.6.2/repo/org/codehaus/woodstox/stax2-api/3.1.4/stax2-api-3.1.4.jar:/Users/bigdata/local/mvn/apache-maven-3.6.2/repo/joda-time/joda-time/2.2/joda-time-2.2.jar:/Users/bigdata/local/mvn/apache-maven-3.6.2/repo/commons-net/commons-net/3.1/commons-net-3.1.jar:/Users/bigdata/local/mvn/apache-maven-3.6.2/repo/org/nd4j/nd4j-context/1.0.0-beta4/nd4j-context-1.0.0-beta4.jar:/Users/bigdata/local/mvn/apache-maven-3.6.2/repo/org/nd4j/nd4j-common/1.0.0-beta4/nd4j-common-1.0.0-beta4.jar:/Users/bigdata/local/mvn/apache-maven-3.6.2/repo/commons-io/commons-io/2.5/commons-io-2.5.jar:/Users/bigdata/local/mvn/apache-maven-3.6.2/repo/org/apache/commons/commons-lang3/3.6/commons-lang3-3.6.jar:/Users/bigdata/local/mvn/apache-maven-3.6.2/repo/org/apache/commons/commons-compress/1.16.1/commons-compress-1.16.1.jar:/Users/bigdata/local/mvn/apache-maven-3.6.2/repo/commons-codec/commons-codec/1.10/commons-codec-1.10.jar:/Users/bigdata/local/mvn/apache-maven-3.6.2/repo/net/ericaro/neoitertools/1.0.0/neoitertools-1.0.0.jar:"/>
    <property name="sun.cpu.endian" value="little"/>
    <property name="user.home" value="/Users/bigdata"/>
    <property name="user.language" value="zh"/>
    <property name="java.specification.vendor" value="Oracle Corporation"/>
    <property name="java.version.date" value="2019-04-16"/>
    <property name="java.home" value="/Library/Java/JavaVirtualMachines/jdk-12.0.1.jdk/Contents/Home"/>
    <property name="file.separator" value="/"/>
    <property name="basedir" value="/Users/bigdata/Desktop/repo/machine-learning-in-Java"/>
    <property name="java.vm.compressedOopsMode" value="Zero based"/>
    <property name="line.separator" value="&#10;"/>
    <property name="idea.version2019.2.3" value="true"/>
    <property name="java.specification.name" value="Java Platform API Specification"/>
    <property name="java.vm.specification.vendor" value="Oracle Corporation"/>
    <property name="java.awt.graphicsenv" value="sun.awt.CGraphicsEnvironment"/>
    <property name="surefire.real.class.path" value="/Users/bigdata/Desktop/repo/machine-learning-in-Java/target/surefire/surefirebooter1439126780062269371.jar"/>
    <property name="user.script" value="Hans"/>
    <property name="sun.management.compiler" value="HotSpot 64-Bit Tiered Compilers"/>
    <property name="java.runtime.version" value="12.0.1+12"/>
    <property name="user.name" value="bigdata"/>
    <property name="path.separator" value=":"/>
    <property name="os.version" value="10.14.1"/>
    <property name="java.runtime.name" value="Java(TM) SE Runtime Environment"/>
    <property name="file.encoding" value="UTF-8"/>
    <property name="java.vm.name" value="Java HotSpot(TM) 64-Bit Server VM"/>
    <property name="localRepository" value="/Users/bigdata/local/mvn/apache-maven-3.6.2/repo"/>
    <property name="java.vendor.url.bug" value="https://bugreport.java.com/bugreport/"/>
    <property name="java.io.tmpdir" value="/var/folders/4f/fxmgvzhn1615lw85ynyfsllc0000gp/T/"/>
    <property name="java.version" value="12.0.1"/>
    <property name="user.dir" value="/Users/bigdata/Desktop/repo/machine-learning-in-Java"/>
    <property name="os.arch" value="x86_64"/>
    <property name="java.vm.specification.name" value="Java Virtual Machine Specification"/>
    <property name="java.library.path" value="/Users/bigdata/Library/Java/Extensions:/Library/Java/Extensions:/Network/Library/Java/Extensions:/System/Library/Java/Extensions:/usr/lib/java:."/>
    <property name="java.vm.info" value="mixed mode, sharing"/>
    <property name="java.vendor" value="Oracle Corporation"/>
    <property name="java.vm.version" value="12.0.1+12"/>
    <property name="sun.io.unicode.encoding" value="UnicodeBig"/>
    <property name="maven.repo.local" value="/Users/bigdata/local/mvn/apache-maven-3.6.2/repo"/>
    <property name="java.class.version" value="56.0"/>
  </properties>
  <testcase name="shouldAnswerWithTrue" classname="ml.AppTest" time="0.001"/>
</testsuite>