<?xml version="1.0" encoding="UTF-8"?>
<testsuite xmlns:xsi="http://www.w3.org/2001/XMLSchema-instance" xsi:noNamespaceSchemaLocation="https://maven.apache.org/surefire/maven-surefire-plugin/xsd/surefire-test-report.xsd" name="ml.AppTest" time="0.033" tests="1" errors="0" skipped="0" failures="0">
  <properties>
    <property name="sun.desktop" value="windows"/>
    <property name="awt.toolkit" value="sun.awt.windows.WToolkit"/>
    <property name="java.specification.version" value="12"/>
    <property name="sun.cpu.isalist" value="amd64"/>
    <property name="sun.jnu.encoding" value="GBK"/>
    <property name="java.class.path" value="C:\Users\zhang\Desktop\java repo\machine-learning-in-Java\target\test-classes;C:\Users\zhang\Desktop\java repo\machine-learning-in-Java\target\classes;D:\coding\maven\maven_repo\junit\junit\4.11\junit-4.11.jar;D:\coding\maven\maven_repo\org\hamcrest\hamcrest-core\1.3\hamcrest-core-1.3.jar;D:\coding\maven\maven_repo\org\nd4j\nd4j-cuda-10.1\1.0.0-beta4\nd4j-cuda-10.1-1.0.0-beta4.jar;D:\coding\maven\maven_repo\org\nd4j\nd4j-cuda-10.1\1.0.0-beta4\nd4j-cuda-10.1-1.0.0-beta4-windows-x86_64.jar;D:\coding\maven\maven_repo\org\bytedeco\javacpp\1.5\javacpp-1.5.jar;D:\coding\maven\maven_repo\org\bytedeco\cuda\10.1-7.5-1.5\cuda-10.1-7.5-1.5.jar;D:\coding\maven\maven_repo\org\bytedeco\cuda\10.1-7.5-1.5\cuda-10.1-7.5-1.5-windows-x86_64.jar;D:\coding\maven\maven_repo\org\nd4j\nd4j-api\1.0.0-beta4\nd4j-api-1.0.0-beta4.jar;D:\coding\maven\maven_repo\com\jakewharton\byteunits\byteunits\0.9.1\byteunits-0.9.1.jar;D:\coding\maven\maven_repo\org\apache\commons\commons-math3\3.5\commons-math3-3.5.jar;D:\coding\maven\maven_repo\com\google\flatbuffers\flatbuffers-java\1.10.0\flatbuffers-java-1.10.0.jar;D:\coding\maven\maven_repo\com\github\os72\protobuf-java-shaded-351\0.9\protobuf-java-shaded-351-0.9.jar;D:\coding\maven\maven_repo\com\github\os72\protobuf-java-util-shaded-351\0.9\protobuf-java-util-shaded-351-0.9.jar;D:\coding\maven\maven_repo\com\google\guava\guava\19.0\guava-19.0.jar;D:\coding\maven\maven_repo\com\google\code\gson\gson\2.7\gson-2.7.jar;D:\coding\maven\maven_repo\org\objenesis\objenesis\2.6\objenesis-2.6.jar;D:\coding\maven\maven_repo\uk\com\robust-it\cloning\1.9.3\cloning-1.9.3.jar;D:\coding\maven\maven_repo\org\slf4j\slf4j-api\1.7.21\slf4j-api-1.7.21.jar;D:\coding\maven\maven_repo\org\nd4j\jackson\1.0.0-beta4\jackson-1.0.0-beta4.jar;D:\coding\maven\maven_repo\org\yaml\snakeyaml\1.12\snakeyaml-1.12.jar;D:\coding\maven\maven_repo\org\codehaus\woodstox\stax2-api\3.1.4\stax2-api-3.1.4.jar;D:\coding\maven\maven_repo\joda-time\joda-time\2.2\joda-time-2.2.jar;D:\coding\maven\maven_repo\commons-net\commons-net\3.1\commons-net-3.1.jar;D:\coding\maven\maven_repo\org\nd4j\nd4j-buffer\1.0.0-beta4\nd4j-buffer-1.0.0-beta4.jar;D:\coding\maven\maven_repo\org\nd4j\nd4j-context\1.0.0-beta4\nd4j-context-1.0.0-beta4.jar;D:\coding\maven\maven_repo\org\nd4j\nd4j-common\1.0.0-beta4\nd4j-common-1.0.0-beta4.jar;D:\coding\maven\maven_repo\commons-io\commons-io\2.5\commons-io-2.5.jar;D:\coding\maven\maven_repo\org\apache\commons\commons-lang3\3.6\commons-lang3-3.6.jar;D:\coding\maven\maven_repo\org\apache\commons\commons-compress\1.16.1\commons-compress-1.16.1.jar;D:\coding\maven\maven_repo\commons-codec\commons-codec\1.10\commons-codec-1.10.jar;D:\coding\maven\maven_repo\net\ericaro\neoitertools\1.0.0\neoitertools-1.0.0.jar;D:\coding\maven\maven_repo\org\nd4j\nd4j-native-api\1.0.0-beta4\nd4j-native-api-1.0.0-beta4.jar;"/>
    <property name="java.vm.vendor" value="Oracle Corporation"/>
    <property name="sun.arch.data.model" value="64"/>
    <property name="user.variant" value=""/>
    <property name="java.vendor.url" value="https://java.oracle.com/"/>
    <property name="user.timezone" value="Asia/Shanghai"/>
    <property name="os.name" value="Windows 10"/>
    <property name="java.vm.specification.version" value="12"/>
    <property name="sun.java.launcher" value="SUN_STANDARD"/>
    <property name="user.country" value="CN"/>
    <property name="sun.boot.library.path" value="D:\coding\java\jdk-12.0.2\bin"/>
    <property name="sun.java.command" value="C:\Users\zhang\AppData\Local\Temp\surefire8768162121462284699\surefirebooter11096318685166378157.jar C:\Users\zhang\AppData\Local\Temp\surefire8768162121462284699 2019-10-16T16-48-25_800-jvmRun1 surefire6353751690735296820tmp surefire_016189233054690701763tmp"/>
    <property name="jdk.debug" value="release"/>
    <property name="surefire.test.class.path" value="C:\Users\zhang\Desktop\java repo\machine-learning-in-Java\target\test-classes;C:\Users\zhang\Desktop\java repo\machine-learning-in-Java\target\classes;D:\coding\maven\maven_repo\junit\junit\4.11\junit-4.11.jar;D:\coding\maven\maven_repo\org\hamcrest\hamcrest-core\1.3\hamcrest-core-1.3.jar;D:\coding\maven\maven_repo\org\nd4j\nd4j-cuda-10.1\1.0.0-beta4\nd4j-cuda-10.1-1.0.0-beta4.jar;D:\coding\maven\maven_repo\org\nd4j\nd4j-cuda-10.1\1.0.0-beta4\nd4j-cuda-10.1-1.0.0-beta4-windows-x86_64.jar;D:\coding\maven\maven_repo\org\bytedeco\javacpp\1.5\javacpp-1.5.jar;D:\coding\maven\maven_repo\org\bytedeco\cuda\10.1-7.5-1.5\cuda-10.1-7.5-1.5.jar;D:\coding\maven\maven_repo\org\bytedeco\cuda\10.1-7.5-1.5\cuda-10.1-7.5-1.5-windows-x86_64.jar;D:\coding\maven\maven_repo\org\nd4j\nd4j-api\1.0.0-beta4\nd4j-api-1.0.0-beta4.jar;D:\coding\maven\maven_repo\com\jakewharton\byteunits\byteunits\0.9.1\byteunits-0.9.1.jar;D:\coding\maven\maven_repo\org\apache\commons\commons-math3\3.5\commons-math3-3.5.jar;D:\coding\maven\maven_repo\com\google\flatbuffers\flatbuffers-java\1.10.0\flatbuffers-java-1.10.0.jar;D:\coding\maven\maven_repo\com\github\os72\protobuf-java-shaded-351\0.9\protobuf-java-shaded-351-0.9.jar;D:\coding\maven\maven_repo\com\github\os72\protobuf-java-util-shaded-351\0.9\protobuf-java-util-shaded-351-0.9.jar;D:\coding\maven\maven_repo\com\google\guava\guava\19.0\guava-19.0.jar;D:\coding\maven\maven_repo\com\google\code\gson\gson\2.7\gson-2.7.jar;D:\coding\maven\maven_repo\org\objenesis\objenesis\2.6\objenesis-2.6.jar;D:\coding\maven\maven_repo\uk\com\robust-it\cloning\1.9.3\cloning-1.9.3.jar;D:\coding\maven\maven_repo\org\slf4j\slf4j-api\1.7.21\slf4j-api-1.7.21.jar;D:\coding\maven\maven_repo\org\nd4j\jackson\1.0.0-beta4\jackson-1.0.0-beta4.jar;D:\coding\maven\maven_repo\org\yaml\snakeyaml\1.12\snakeyaml-1.12.jar;D:\coding\maven\maven_repo\org\codehaus\woodstox\stax2-api\3.1.4\stax2-api-3.1.4.jar;D:\coding\maven\maven_repo\joda-time\joda-time\2.2\joda-time-2.2.jar;D:\coding\maven\maven_repo\commons-net\commons-net\3.1\commons-net-3.1.jar;D:\coding\maven\maven_repo\org\nd4j\nd4j-buffer\1.0.0-beta4\nd4j-buffer-1.0.0-beta4.jar;D:\coding\maven\maven_repo\org\nd4j\nd4j-context\1.0.0-beta4\nd4j-context-1.0.0-beta4.jar;D:\coding\maven\maven_repo\org\nd4j\nd4j-common\1.0.0-beta4\nd4j-common-1.0.0-beta4.jar;D:\coding\maven\maven_repo\commons-io\commons-io\2.5\commons-io-2.5.jar;D:\coding\maven\maven_repo\org\apache\commons\commons-lang3\3.6\commons-lang3-3.6.jar;D:\coding\maven\maven_repo\org\apache\commons\commons-compress\1.16.1\commons-compress-1.16.1.jar;D:\coding\maven\maven_repo\commons-codec\commons-codec\1.10\commons-codec-1.10.jar;D:\coding\maven\maven_repo\net\ericaro\neoitertools\1.0.0\neoitertools-1.0.0.jar;D:\coding\maven\maven_repo\org\nd4j\nd4j-native-api\1.0.0-beta4\nd4j-native-api-1.0.0-beta4.jar;"/>
    <property name="sun.cpu.endian" value="little"/>
    <property name="user.home" value="C:\Users\zhang"/>
    <property name="user.language" value="zh"/>
    <property name="java.specification.vendor" value="Oracle Corporation"/>
    <property name="java.version.date" value="2019-07-16"/>
    <property name="java.home" value="D:\coding\java\jdk-12.0.2"/>
    <property name="file.separator" value="\"/>
    <property name="basedir" value="C:\Users\zhang\Desktop\java repo\machine-learning-in-Java"/>
    <property name="java.vm.compressedOopsMode" value="Zero based"/>
    <property name="line.separator" value="&#10;"/>
    <property name="java.vm.specification.vendor" value="Oracle Corporation"/>
    <property name="java.specification.name" value="Java Platform API Specification"/>
    <property name="java.awt.graphicsenv" value="sun.awt.Win32GraphicsEnvironment"/>
    <property name="surefire.real.class.path" value="C:\Users\zhang\AppData\Local\Temp\surefire8768162121462284699\surefirebooter11096318685166378157.jar"/>
    <property name="user.script" value=""/>
    <property name="sun.management.compiler" value="HotSpot 64-Bit Tiered Compilers"/>
    <property name="java.runtime.version" value="12.0.2+10"/>
    <property name="user.name" value="zhang"/>
    <property name="path.separator" value=";"/>
    <property name="os.version" value="10.0"/>
    <property name="java.runtime.name" value="Java(TM) SE Runtime Environment"/>
    <property name="file.encoding" value="GBK"/>
    <property name="java.vm.name" value="Java HotSpot(TM) 64-Bit Server VM"/>
    <property name="localRepository" value="D:\coding\maven\maven_repo"/>
    <property name="java.vendor.url.bug" value="https://bugreport.java.com/bugreport/"/>
    <property name="java.io.tmpdir" value="C:\Users\zhang\AppData\Local\Temp\"/>
    <property name="java.version" value="12.0.2"/>
    <property name="user.dir" value="C:\Users\zhang\Desktop\java repo\machine-learning-in-Java"/>
    <property name="os.arch" value="amd64"/>
    <property name="java.vm.specification.name" value="Java Virtual Machine Specification"/>
    <property name="idea.version2019.1.3" value="true"/>
    <property name="sun.os.patch.level" value=""/>
    <property name="java.library.path" value="D:\coding\java\jdk-12.0.2\bin;C:\WINDOWS\Sun\Java\bin;C:\WINDOWS\system32;C:\WINDOWS;D:\coding\NetSarang\Xlpd 6\;D:\coding\NetSarang\Xftp 6\;D:\coding\NetSarang\Xshell 6\;D:\coding\NetSarang\Xmanager 6\;C:\Program Files\NVIDIA GPU Computing Toolkit\CUDA\v10.1\bin;C:\Program Files\NVIDIA GPU Computing Toolkit\CUDA\v10.1\libnvvp;C:\ProgramData\DockerDesktop\version-bin;C:\Program Files\Docker\Docker\Resources\bin;C:\Windows\system32;C:\Windows;C:\Windows\System32\Wbem;C:\Windows\System32\WindowsPowerShell\v1.0\;C:\Program Files (x86)\NVIDIA Corporation\PhysX\Common;C:\WINDOWS\system32;C:\WINDOWS;C:\WINDOWS\System32\Wbem;C:\WINDOWS\System32\WindowsPowerShell\v1.0\;C:\WINDOWS\System32\OpenSSH\;D:\coding\git\Git\cmd;D:\coding\nodejs\;D:\coding\ctex\UserData\miktex\bin;D:\coding\ctex\MiKTeX\miktex\bin;D:\coding\ctex\CTeX\ctex\bin;D:\coding\ctex\CTeX\cct\bin;D:\coding\ctex\CTeX\ty\bin;D:\coding\ctex\Ghostscript\gs9.05\bin;D:\coding\ctex\GSview\gsview;D:\coding\ctex\WinEdt;C:\Program Files\dotnet\;C:\Program Files\NVIDIA Corporation\Nsight Compute 2019.1\;C:\Program Files\NVIDIA Corporation\NVIDIA NvDLISR;D:\app\gitlfs\Git LFS;D:\coding\java\jdk-12.0.2\bin;D:\coding\java\jdk-12.0.2\jre\bin;D:\coding\maven\apache-maven-3.6.1-bin\apache-maven-3.6.1\bin;D:\coding\scala\scala-2.13.0-M1\bin;D:\coding\C++\mingy\bin;;C:\WINDOWS\system32;C:\WINDOWS;C:\WINDOWS\System32\Wbem;C:\WINDOWS\System32\WindowsPowerShell\v1.0\;C:\WINDOWS\System32\OpenSSH\;D:\coding\anaconda\conda_installed;D:\coding\anaconda\conda_installed\Library\mingw-w64\bin;D:\coding\anaconda\conda_installed\Library\usr\bin;D:\coding\anaconda\conda_installed\Library\bin;D:\coding\anaconda\conda_installed\Scripts;C:\Users\zhang\AppData\Local\Microsoft\WindowsApps;D:\coding\IDE\vscode\Microsoft VS Code\bin;D:\coding\IDE\phpstorm\PhpStorm 2018.3.1\bin;C:\Users\zhang\AppData\Roaming\npm;C:\Program Files\NVIDIA GPU Computing Toolkit\CUDA\v10.1\lib\x64;C:\ProgramData\NVIDIA Corporation\CUDA Samples\v10.1\common\lib\x64;C:\ProgramData\NVIDIA Corporation\CUDA Samples\v10.1\bin\win64;C:\Program Files\NVIDIA Corporation\NVSMI\nvidia-smi.exe;C:\Program Files\CMake\bin;D:\app\fiddler;D:\coding\InterliJ\IntelliJ IDEA 2019.1.3\bin;D:\coding\C++\CLion\CLion 2019.2.1\bin;C:\Users\zhang\AppData\Local\Microsoft\WindowsApps;."/>
    <property name="java.vm.info" value="mixed mode, sharing"/>
    <property name="java.vendor" value="Oracle Corporation"/>
    <property name="java.vm.version" value="12.0.2+10"/>
    <property name="sun.io.unicode.encoding" value="UnicodeLittle"/>
    <property name="maven.repo.local" value="D:\coding\maven\maven_repo"/>
    <property name="java.class.version" value="56.0"/>
  </properties>
  <testcase name="shouldAnswerWithTrue" classname="ml.AppTest" time="0.001"/>
</testsuite>